Time	 Node0px 	 Node0py 	 Node0pz 	 Node1px 	 Node1py 	 Node1pz 	 
(s)	 (m) 	(m) 	(m) 	(m) 	(m) 	(m) 	
0.01001	 -1	 0	 -1	 1	 0	 -1	 
0.02	 -1	 0	 -1	 1	 0	 -1	 
0.03	 -1	 0	 -1	 1	 0	 -1	 
0.04	 -1	 0	 -1	 1	 0	 -1	 
0.05001	 -1	 0	 -1	 1	 0	 -1	 
0.06001	 -1	 0	 -1	 1	 0	 -1	 
0.07001	 -1	 0	 -1	 1	 0	 -1	 
0.08	 -1	 0	 -1	 1	 0	 -1	 
0.09	 -1	 0	 -1	 1	 0	 -1	 
0.1	 -1	 0	 -1	 1	 0	 -1	 
0.11	 -1	 0	 -1	 1	 0	 -1	 
0.12	 -1	 0	 -1	 1	 0	 -1	 
0.13	 -1	 0	 -1	 1	 0	 -1	 
0.14	 -1	 0	 -1	 1	 0	 -1	 
0.15	 -1	 0	 -1	 1	 0	 -1	 
0.16	 -1	 0	 -1	 1	 0	 -1	 
0.17	 -1	 0	 -1	 1	 0	 -1	 
0.18	 -1	 0	 -1	 1	 0	 -1	 
0.19	 -1	 0	 -1	 1	 0	 -1	 
0.2	 -1	 0	 -1	 1	 0	 -1	 
0.21	 -1	 0	 -1	 1	 0	 -1	 
0.22	 -1	 0	 -1	 1	 0	 -1	 
0.23	 -1	 0	 -1	 1	 0	 -1	 
0.24	 -1	 0	 -1	 1	 0	 -1	 
0.25	 -1	 0	 -1	 1	 0	 -1	 
0.26	 -1	 0	 -1	 1	 0	 -1	 
0.27	 -1	 0	 -1	 1	 0	 -1	 
0.28	 -1	 0	 -1	 1	 0	 -1	 
0.29001	 -1	 0	 -1	 1	 0	 -1	 
0.30001	 -1	 0	 -1	 1	 0	 -1	 
0.31001	 -1	 0	 -1	 1	 0	 -1	 
0.32001	 -1	 0	 -1	 1	 0	 -1	 
0.33001	 -1	 0	 -1	 1	 0	 -1	 
0.34001	 -1	 0	 -1	 1	 0	 -1	 
0.35001	 -1	 0	 -1	 1	 0	 -1	 
0.36001	 -1	 0	 -1	 1	 0	 -1	 
0.37001	 -1	 0	 -1	 1	 0	 -1	 
0.38001	 -1	 0	 -1	 1	 0	 -1	 
0.39001	 -1	 0	 -1	 1	 0	 -1	 
0.40001	 -1	 0	 -1	 1	 0	 -1	 
0.41001	 -1	 0	 -1	 1	 0	 -1	 
0.42001	 -1	 0	 -1	 1	 0	 -1	 
0.43001	 -1	 0	 -1	 1	 0	 -1	 
0.44001	 -1	 0	 -1	 1	 0	 -1	 
0.45001	 -1	 0	 -1	 1	 0	 -1	 
0.46001	 -1	 0	 -1	 1	 0	 -1	 
0.47001	 -1	 0	 -1	 1	 0	 -1	 
0.48001	 -1	 0	 -1	 1	 0	 -1	 
0.49001	 -1	 0	 -1	 1	 0	 -1	 
0.50001	 -1	 0	 -1	 1	 0	 -1	 
0.51001	 -1	 0	 -1	 1	 0	 -1	 
0.52001	 -1	 0	 -1	 1	 0	 -1	 
0.53001	 -1	 0	 -1	 1	 0	 -1	 
0.54001	 -1	 0	 -1	 1	 0	 -1	 
0.55001	 -1	 0	 -1	 1	 0	 -1	 
0.56001	 -1	 0	 -1	 1	 0	 -1	 
0.57001	 -1	 0	 -1	 1	 0	 -1	 
0.58001	 -1	 0	 -1	 1	 0	 -1	 
0.59001	 -1	 0	 -1	 1	 0	 -1	 
0.60001	 -1	 0	 -1	 1	 0	 -1	 
0.61001	 -1	 0	 -1	 1	 0	 -1	 
0.62001	 -1	 0	 -1	 1	 0	 -1	 
0.63001	 -1	 0	 -1	 1	 0	 -1	 
0.64001	 -1	 0	 -1	 1	 0	 -1	 
0.65	 -1	 0	 -1	 1	 0	 -1	 
0.66	 -1	 0	 -1	 1	 0	 -1	 
0.67	 -1	 0	 -1	 1	 0	 -1	 
0.68	 -1	 0	 -1	 1	 0	 -1	 
0.69	 -1	 0	 -1	 1	 0	 -1	 
0.7	 -1	 0	 -1	 1	 0	 -1	 
0.71	 -1	 0	 -1	 1	 0	 -1	 
0.72	 -1	 0	 -1	 1	 0	 -1	 
0.73	 -1	 0	 -1	 1	 0	 -1	 
0.74	 -1	 0	 -1	 1	 0	 -1	 
0.75	 -1	 0	 -1	 1	 0	 -1	 
0.76	 -1	 0	 -1	 1	 0	 -1	 
0.77	 -1	 0	 -1	 1	 0	 -1	 
0.78	 -1	 0	 -1	 1	 0	 -1	 
0.79	 -1	 0	 -1	 1	 0	 -1	 
0.8	 -1	 0	 -1	 1	 0	 -1	 
0.81	 -1	 0	 -1	 1	 0	 -1	 
0.82	 -1	 0	 -1	 1	 0	 -1	 
0.83	 -1	 0	 -1	 1	 0	 -1	 
0.84	 -1	 0	 -1	 1	 0	 -1	 
0.85	 -1	 0	 -1	 1	 0	 -1	 
0.86	 -1	 0	 -1	 1	 0	 -1	 
0.87	 -1	 0	 -1	 1	 0	 -1	 
0.88	 -1	 0	 -1	 1	 0	 -1	 
0.89	 -1	 0	 -1	 1	 0	 -1	 
0.9	 -1	 0	 -1	 1	 0	 -1	 
0.91	 -1	 0	 -1	 1	 0	 -1	 
0.92	 -1	 0	 -1	 1	 0	 -1	 
0.93	 -1	 0	 -1	 1	 0	 -1	 
0.94	 -1	 0	 -1	 1	 0	 -1	 
0.95	 -1	 0	 -1	 1	 0	 -1	 
0.96	 -1	 0	 -1	 1	 0	 -1	 
0.97	 -1	 0	 -1	 1	 0	 -1	 
0.98	 -1	 0	 -1	 1	 0	 -1	 
0.99	 -1	 0	 -1	 1	 0	 -1	 
1	 -1	 0	 -1	 1	 0	 -1	 
1.01	 -1	 0	 -1	 1	 0	 -1	 
1.02	 -1	 0	 -1	 1	 0	 -1	 
1.03	 -1	 0	 -1	 1	 0	 -1	 
1.04	 -1	 0	 -1	 1	 0	 -1	 
1.05	 -1	 0	 -1	 1	 0	 -1	 
1.06	 -1	 0	 -1	 1	 0	 -1	 
1.07	 -1	 0	 -1	 1	 0	 -1	 
1.08	 -1	 0	 -1	 1	 0	 -1	 
1.09	 -1	 0	 -1	 1	 0	 -1	 
1.1	 -1	 0	 -1	 1	 0	 -1	 
1.11	 -1	 0	 -1	 1	 0	 -1	 
1.12	 -1	 0	 -1	 1	 0	 -1	 
1.13	 -1	 0	 -1	 1	 0	 -1	 
1.14	 -1	 0	 -1	 1	 0	 -1	 
1.15	 -1	 0	 -1	 1	 0	 -1	 
1.16	 -1	 0	 -1	 1	 0	 -1	 
1.17	 -1	 0	 -1	 1	 0	 -1	 
1.18	 -1	 0	 -1	 1	 0	 -1	 
1.19	 -1	 0	 -1	 1	 0	 -1	 
1.2	 -1	 0	 -1	 1	 0	 -1	 
1.21	 -1	 0	 -1	 1	 0	 -1	 
1.22	 -1	 0	 -1	 1	 0	 -1	 
1.23	 -1	 0	 -1	 1	 0	 -1	 
1.24	 -1	 0	 -1	 1	 0	 -1	 
1.25	 -1	 0	 -1	 1	 0	 -1	 
1.26	 -1	 0	 -1	 1	 0	 -1	 
1.27	 -1	 0	 -1	 1	 0	 -1	 
1.28	 -1	 0	 -1	 1	 0	 -1	 
1.29	 -1	 0	 -1	 1	 0	 -1	 
1.3	 -1	 0	 -1	 1	 0	 -1	 
1.31	 -1	 0	 -1	 1	 0	 -1	 
1.32	 -1	 0	 -1	 1	 0	 -1	 
1.33	 -1	 0	 -1	 1	 0	 -1	 
1.34	 -1	 0	 -1	 1	 0	 -1	 
1.35	 -1	 0	 -1	 1	 0	 -1	 
1.36	 -1	 0	 -1	 1	 0	 -1	 
1.37	 -1	 0	 -1	 1	 0	 -1	 
1.38	 -1	 0	 -1	 1	 0	 -1	 
1.39	 -1	 0	 -1	 1	 0	 -1	 
1.4	 -1	 0	 -1	 1	 0	 -1	 
1.41	 -1	 0	 -1	 1	 0	 -1	 
1.42	 -1	 0	 -1	 1	 0	 -1	 
1.43	 -1	 0	 -1	 1	 0	 -1	 
1.44	 -1	 0	 -1	 1	 0	 -1	 
1.45	 -1	 0	 -1	 1	 0	 -1	 
1.46	 -1	 0	 -1	 1	 0	 -1	 
1.47	 -1	 0	 -1	 1	 0	 -1	 
1.48	 -1	 0	 -1	 1	 0	 -1	 
1.49	 -1	 0	 -1	 1	 0	 -1	 
1.5	 -1	 0	 -1	 1	 0	 -1	 
1.51	 -1	 0	 -1	 1	 0	 -1	 
1.52	 -1	 0	 -1	 1	 0	 -1	 
1.53	 -1	 0	 -1	 1	 0	 -1	 
1.54	 -1	 0	 -1	 1	 0	 -1	 
1.55	 -1	 0	 -1	 1	 0	 -1	 
1.56	 -1	 0	 -1	 1	 0	 -1	 
1.57	 -1	 0	 -1	 1	 0	 -1	 
1.58	 -1	 0	 -1	 1	 0	 -1	 
1.59	 -1	 0	 -1	 1	 0	 -1	 
1.6	 -1	 0	 -1	 1	 0	 -1	 
1.61	 -1	 0	 -1	 1	 0	 -1	 
1.62	 -1	 0	 -1	 1	 0	 -1	 
1.63	 -1	 0	 -1	 1	 0	 -1	 
1.64	 -1	 0	 -1	 1	 0	 -1	 
1.65	 -1	 0	 -1	 1	 0	 -1	 
1.66	 -1	 0	 -1	 1	 0	 -1	 
1.67	 -1	 0	 -1	 1	 0	 -1	 
1.68	 -1	 0	 -1	 1	 0	 -1	 
1.69	 -1	 0	 -1	 1	 0	 -1	 
1.7	 -1	 0	 -1	 1	 0	 -1	 
1.71	 -1	 0	 -1	 1	 0	 -1	 
1.72	 -1	 0	 -1	 1	 0	 -1	 
1.73	 -1	 0	 -1	 1	 0	 -1	 
1.74	 -1	 0	 -1	 1	 0	 -1	 
1.75	 -1	 0	 -1	 1	 0	 -1	 
1.76	 -1	 0	 -1	 1	 0	 -1	 
1.77	 -1	 0	 -1	 1	 0	 -1	 
1.78	 -1	 0	 -1	 1	 0	 -1	 
1.79	 -1	 0	 -1	 1	 0	 -1	 
1.8	 -1	 0	 -1	 1	 0	 -1	 
1.81	 -1	 0	 -1	 1	 0	 -1	 
1.82	 -1	 0	 -1	 1	 0	 -1	 
1.83	 -1	 0	 -1	 1	 0	 -1	 
1.84	 -1	 0	 -1	 1	 0	 -1	 
1.85	 -1	 0	 -1	 1	 0	 -1	 
1.86	 -1	 0	 -1	 1	 0	 -1	 
1.87	 -1	 0	 -1	 1	 0	 -1	 
1.88	 -1	 0	 -1	 1	 0	 -1	 
1.89	 -1	 0	 -1	 1	 0	 -1	 
1.9	 -1	 0	 -1	 1	 0	 -1	 
1.91	 -1	 0	 -1	 1	 0	 -1	 
1.92	 -1	 0	 -1	 1	 0	 -1	 
1.93	 -1	 0	 -1	 1	 0	 -1	 
1.94	 -1	 0	 -1	 1	 0	 -1	 
1.95	 -1	 0	 -1	 1	 0	 -1	 
1.96	 -1	 0	 -1	 1	 0	 -1	 
1.97	 -1	 0	 -1	 1	 0	 -1	 
1.98	 -1	 0	 -1	 1	 0	 -1	 
1.99	 -1	 0	 -1	 1	 0	 -1	 
2	 -1	 0	 -1	 1	 0	 -1	 
2.01	 -1	 0	 -1	 1	 0	 -1	 
2.02	 -1	 0	 -1	 1	 0	 -1	 
2.03	 -1	 0	 -1	 1	 0	 -1	 
2.04	 -1	 0	 -1	 1	 0	 -1	 
2.05	 -1	 0	 -1	 1	 0	 -1	 
2.06	 -1	 0	 -1	 1	 0	 -1	 
2.07	 -1	 0	 -1	 1	 0	 -1	 
2.08	 -1	 0	 -1	 1	 0	 -1	 
2.09	 -1	 0	 -1	 1	 0	 -1	 
2.1	 -1	 0	 -1	 1	 0	 -1	 
2.11	 -1	 0	 -1	 1	 0	 -1	 
2.12	 -1	 0	 -1	 1	 0	 -1	 
2.13	 -1	 0	 -1	 1	 0	 -1	 
2.14	 -1	 0	 -1	 1	 0	 -1	 
2.15	 -1	 0	 -1	 1	 0	 -1	 
2.16	 -1	 0	 -1	 1	 0	 -1	 
2.17	 -1	 0	 -1	 1	 0	 -1	 
2.18	 -1	 0	 -1	 1	 0	 -1	 
2.19	 -1	 0	 -1	 1	 0	 -1	 
2.2	 -1	 0	 -1	 1	 0	 -1	 
2.21	 -1	 0	 -1	 1	 0	 -1	 
2.22	 -1	 0	 -1	 1	 0	 -1	 
2.23	 -1	 0	 -1	 1	 0	 -1	 
2.24001	 -1	 0	 -1	 1	 0	 -1	 
2.25001	 -1	 0	 -1	 1	 0	 -1	 
2.26001	 -1	 0	 -1	 1	 0	 -1	 
2.27001	 -1	 0	 -1	 1	 0	 -1	 
2.28001	 -1	 0	 -1	 1	 0	 -1	 
2.29001	 -1	 0	 -1	 1	 0	 -1	 
2.30001	 -1	 0	 -1	 1	 0	 -1	 
2.31001	 -1	 0	 -1	 1	 0	 -1	 
2.32001	 -1	 0	 -1	 1	 0	 -1	 
2.33001	 -1	 0	 -1	 1	 0	 -1	 
2.34001	 -1	 0	 -1	 1	 0	 -1	 
2.35001	 -1	 0	 -1	 1	 0	 -1	 
2.36001	 -1	 0	 -1	 1	 0	 -1	 
2.37001	 -1	 0	 -1	 1	 0	 -1	 
2.38001	 -1	 0	 -1	 1	 0	 -1	 
2.39001	 -1	 0	 -1	 1	 0	 -1	 
2.40001	 -1	 0	 -1	 1	 0	 -1	 
2.41001	 -1	 0	 -1	 1	 0	 -1	 
2.42001	 -1	 0	 -1	 1	 0	 -1	 
2.43001	 -1	 0	 -1	 1	 0	 -1	 
2.44001	 -1	 0	 -1	 1	 0	 -1	 
2.45001	 -1	 0	 -1	 1	 0	 -1	 
2.46001	 -1	 0	 -1	 1	 0	 -1	 
2.47001	 -1	 0	 -1	 1	 0	 -1	 
2.48001	 -1	 0	 -1	 1	 0	 -1	 
2.49001	 -1	 0	 -1	 1	 0	 -1	 
